<?xml version="1.0" encoding="UTF-8"?>
<!-- Generated by org.testng.reporters.JUnitReportReporter -->
<testsuite skipped="0" hostname="XYZ" name="StepDef.loginTest" tests="1" failures="0" timestamp="2020-09-28T01:37:35 IST" time="7.137" errors="0">
  <testcase name="user_is_at_login_page" time="7.137" classname="StepDef.loginTest"/>
</testsuite> <!-- StepDef.loginTest -->
