<?xml version="1.0" encoding="UTF-8"?>
<!-- Generated by org.testng.reporters.JUnitReportReporter -->
<testsuite skipped="0" hostname="XYZ" name="Runner.Runner1" tests="2" failures="0" timestamp="2020-09-28T11:59:58 IST" time="38.052" errors="0">
  <testcase name="runScenario" time="17.961" classname="Runner.Runner1"/>
  <testcase name="runScenario" time="20.091" classname="Runner.Runner1"/>
</testsuite> <!-- Runner.Runner1 -->
